<?xml version="1.0" encoding="UTF-8"?>
<testsuite xmlns:xsi="http://www.w3.org/2001/XMLSchema-instance" xsi:noNamespaceSchemaLocation="https://maven.apache.org/surefire/maven-surefire-plugin/xsd/surefire-test-report.xsd" name="com.yidong.recruit.RecruitApplicationTests" time="15.647" tests="1" errors="0" skipped="0" failures="0">
  <properties>
    <property name="sun.desktop" value="windows"/>
    <property name="awt.toolkit" value="sun.awt.windows.WToolkit"/>
    <property name="file.encoding.pkg" value="sun.io"/>
    <property name="java.specification.version" value="1.8"/>
    <property name="sun.cpu.isalist" value="amd64"/>
    <property name="sun.jnu.encoding" value="GBK"/>
    <property name="java.class.path" value="C:\Users\啊柒哟\IdeaProjects\recruit\target\test-classes;C:\Users\啊柒哟\IdeaProjects\recruit\target\classes;D:\maven\MavenRepository\org\springframework\boot\spring-boot-starter-amqp\2.4.5\spring-boot-starter-amqp-2.4.5.jar;D:\maven\MavenRepository\org\springframework\boot\spring-boot-starter\2.4.5\spring-boot-starter-2.4.5.jar;D:\maven\MavenRepository\org\springframework\boot\spring-boot-starter-logging\2.4.5\spring-boot-starter-logging-2.4.5.jar;D:\maven\MavenRepository\ch\qos\logback\logback-classic\1.2.3\logback-classic-1.2.3.jar;D:\maven\MavenRepository\ch\qos\logback\logback-core\1.2.3\logback-core-1.2.3.jar;D:\maven\MavenRepository\org\apache\logging\log4j\log4j-to-slf4j\2.13.3\log4j-to-slf4j-2.13.3.jar;D:\maven\MavenRepository\org\apache\logging\log4j\log4j-api\2.13.3\log4j-api-2.13.3.jar;D:\maven\MavenRepository\org\slf4j\jul-to-slf4j\1.7.30\jul-to-slf4j-1.7.30.jar;D:\maven\MavenRepository\jakarta\annotation\jakarta.annotation-api\1.3.5\jakarta.annotation-api-1.3.5.jar;D:\maven\MavenRepository\org\yaml\snakeyaml\1.27\snakeyaml-1.27.jar;D:\maven\MavenRepository\org\springframework\spring-messaging\5.3.6\spring-messaging-5.3.6.jar;D:\maven\MavenRepository\org\springframework\spring-beans\5.3.6\spring-beans-5.3.6.jar;D:\maven\MavenRepository\org\springframework\amqp\spring-rabbit\2.3.6\spring-rabbit-2.3.6.jar;D:\maven\MavenRepository\org\springframework\amqp\spring-amqp\2.3.6\spring-amqp-2.3.6.jar;D:\maven\MavenRepository\org\springframework\retry\spring-retry\1.3.1\spring-retry-1.3.1.jar;D:\maven\MavenRepository\com\rabbitmq\amqp-client\5.10.0\amqp-client-5.10.0.jar;D:\maven\MavenRepository\org\springframework\spring-context\5.3.6\spring-context-5.3.6.jar;D:\maven\MavenRepository\org\springframework\spring-tx\5.3.6\spring-tx-5.3.6.jar;D:\maven\MavenRepository\org\springframework\boot\spring-boot-starter-data-redis\2.4.5\spring-boot-starter-data-redis-2.4.5.jar;D:\maven\MavenRepository\org\springframework\data\spring-data-redis\2.4.8\spring-data-redis-2.4.8.jar;D:\maven\MavenRepository\org\springframework\data\spring-data-keyvalue\2.4.8\spring-data-keyvalue-2.4.8.jar;D:\maven\MavenRepository\org\springframework\data\spring-data-commons\2.4.8\spring-data-commons-2.4.8.jar;D:\maven\MavenRepository\org\springframework\spring-oxm\5.3.6\spring-oxm-5.3.6.jar;D:\maven\MavenRepository\org\springframework\spring-aop\5.3.6\spring-aop-5.3.6.jar;D:\maven\MavenRepository\io\lettuce\lettuce-core\6.0.4.RELEASE\lettuce-core-6.0.4.RELEASE.jar;D:\maven\MavenRepository\io\netty\netty-common\4.1.63.Final\netty-common-4.1.63.Final.jar;D:\maven\MavenRepository\io\netty\netty-handler\4.1.63.Final\netty-handler-4.1.63.Final.jar;D:\maven\MavenRepository\io\netty\netty-resolver\4.1.63.Final\netty-resolver-4.1.63.Final.jar;D:\maven\MavenRepository\io\netty\netty-buffer\4.1.63.Final\netty-buffer-4.1.63.Final.jar;D:\maven\MavenRepository\io\netty\netty-codec\4.1.63.Final\netty-codec-4.1.63.Final.jar;D:\maven\MavenRepository\io\netty\netty-transport\4.1.63.Final\netty-transport-4.1.63.Final.jar;D:\maven\MavenRepository\io\projectreactor\reactor-core\3.4.5\reactor-core-3.4.5.jar;D:\maven\MavenRepository\org\reactivestreams\reactive-streams\1.0.3\reactive-streams-1.0.3.jar;D:\maven\MavenRepository\org\springframework\boot\spring-boot-starter-jdbc\2.4.5\spring-boot-starter-jdbc-2.4.5.jar;D:\maven\MavenRepository\com\zaxxer\HikariCP\3.4.5\HikariCP-3.4.5.jar;D:\maven\MavenRepository\org\springframework\spring-jdbc\5.3.6\spring-jdbc-5.3.6.jar;D:\maven\MavenRepository\org\springframework\boot\spring-boot-starter-mail\2.4.5\spring-boot-starter-mail-2.4.5.jar;D:\maven\MavenRepository\org\springframework\spring-context-support\5.3.6\spring-context-support-5.3.6.jar;D:\maven\MavenRepository\com\sun\mail\jakarta.mail\1.6.7\jakarta.mail-1.6.7.jar;D:\maven\MavenRepository\com\sun\activation\jakarta.activation\1.2.2\jakarta.activation-1.2.2.jar;D:\maven\MavenRepository\org\springframework\boot\spring-boot-starter-web\2.4.5\spring-boot-starter-web-2.4.5.jar;D:\maven\MavenRepository\org\springframework\boot\spring-boot-starter-json\2.4.5\spring-boot-starter-json-2.4.5.jar;D:\maven\MavenRepository\com\fasterxml\jackson\core\jackson-databind\2.11.4\jackson-databind-2.11.4.jar;D:\maven\MavenRepository\com\fasterxml\jackson\core\jackson-core\2.11.4\jackson-core-2.11.4.jar;D:\maven\MavenRepository\com\fasterxml\jackson\datatype\jackson-datatype-jdk8\2.11.4\jackson-datatype-jdk8-2.11.4.jar;D:\maven\MavenRepository\com\fasterxml\jackson\datatype\jackson-datatype-jsr310\2.11.4\jackson-datatype-jsr310-2.11.4.jar;D:\maven\MavenRepository\com\fasterxml\jackson\module\jackson-module-parameter-names\2.11.4\jackson-module-parameter-names-2.11.4.jar;D:\maven\MavenRepository\org\springframework\boot\spring-boot-starter-tomcat\2.4.5\spring-boot-starter-tomcat-2.4.5.jar;D:\maven\MavenRepository\org\apache\tomcat\embed\tomcat-embed-core\9.0.45\tomcat-embed-core-9.0.45.jar;D:\maven\MavenRepository\org\glassfish\jakarta.el\3.0.3\jakarta.el-3.0.3.jar;D:\maven\MavenRepository\org\apache\tomcat\embed\tomcat-embed-websocket\9.0.45\tomcat-embed-websocket-9.0.45.jar;D:\maven\MavenRepository\org\springframework\spring-web\5.3.6\spring-web-5.3.6.jar;D:\maven\MavenRepository\org\springframework\spring-webmvc\5.3.6\spring-webmvc-5.3.6.jar;D:\maven\MavenRepository\org\springframework\spring-expression\5.3.6\spring-expression-5.3.6.jar;D:\maven\MavenRepository\org\springframework\boot\spring-boot-devtools\2.4.5\spring-boot-devtools-2.4.5.jar;D:\maven\MavenRepository\org\springframework\boot\spring-boot\2.4.5\spring-boot-2.4.5.jar;D:\maven\MavenRepository\org\springframework\boot\spring-boot-autoconfigure\2.4.5\spring-boot-autoconfigure-2.4.5.jar;D:\maven\MavenRepository\mysql\mysql-connector-java\8.0.23\mysql-connector-java-8.0.23.jar;D:\maven\MavenRepository\org\projectlombok\lombok\1.18.20\lombok-1.18.20.jar;D:\maven\MavenRepository\org\springframework\boot\spring-boot-starter-test\2.4.5\spring-boot-starter-test-2.4.5.jar;D:\maven\MavenRepository\org\springframework\boot\spring-boot-test\2.4.5\spring-boot-test-2.4.5.jar;D:\maven\MavenRepository\org\springframework\boot\spring-boot-test-autoconfigure\2.4.5\spring-boot-test-autoconfigure-2.4.5.jar;D:\maven\MavenRepository\com\jayway\jsonpath\json-path\2.4.0\json-path-2.4.0.jar;D:\maven\MavenRepository\net\minidev\json-smart\2.3\json-smart-2.3.jar;D:\maven\MavenRepository\net\minidev\accessors-smart\1.2\accessors-smart-1.2.jar;D:\maven\MavenRepository\org\ow2\asm\asm\5.0.4\asm-5.0.4.jar;D:\maven\MavenRepository\jakarta\xml\bind\jakarta.xml.bind-api\2.3.3\jakarta.xml.bind-api-2.3.3.jar;D:\maven\MavenRepository\jakarta\activation\jakarta.activation-api\1.2.2\jakarta.activation-api-1.2.2.jar;D:\maven\MavenRepository\org\assertj\assertj-core\3.18.1\assertj-core-3.18.1.jar;D:\maven\MavenRepository\org\hamcrest\hamcrest\2.2\hamcrest-2.2.jar;D:\maven\MavenRepository\org\junit\jupiter\junit-jupiter\5.7.1\junit-jupiter-5.7.1.jar;D:\maven\MavenRepository\org\junit\jupiter\junit-jupiter-api\5.7.1\junit-jupiter-api-5.7.1.jar;D:\maven\MavenRepository\org\apiguardian\apiguardian-api\1.1.0\apiguardian-api-1.1.0.jar;D:\maven\MavenRepository\org\opentest4j\opentest4j\1.2.0\opentest4j-1.2.0.jar;D:\maven\MavenRepository\org\junit\platform\junit-platform-commons\1.7.1\junit-platform-commons-1.7.1.jar;D:\maven\MavenRepository\org\junit\jupiter\junit-jupiter-params\5.7.1\junit-jupiter-params-5.7.1.jar;D:\maven\MavenRepository\org\junit\jupiter\junit-jupiter-engine\5.7.1\junit-jupiter-engine-5.7.1.jar;D:\maven\MavenRepository\org\junit\platform\junit-platform-engine\1.7.1\junit-platform-engine-1.7.1.jar;D:\maven\MavenRepository\org\mockito\mockito-core\3.6.28\mockito-core-3.6.28.jar;D:\maven\MavenRepository\net\bytebuddy\byte-buddy\1.10.22\byte-buddy-1.10.22.jar;D:\maven\MavenRepository\net\bytebuddy\byte-buddy-agent\1.10.22\byte-buddy-agent-1.10.22.jar;D:\maven\MavenRepository\org\objenesis\objenesis\3.1\objenesis-3.1.jar;D:\maven\MavenRepository\org\mockito\mockito-junit-jupiter\3.6.28\mockito-junit-jupiter-3.6.28.jar;D:\maven\MavenRepository\org\skyscreamer\jsonassert\1.5.0\jsonassert-1.5.0.jar;D:\maven\MavenRepository\com\vaadin\external\google\android-json\0.0.20131108.vaadin1\android-json-0.0.20131108.vaadin1.jar;D:\maven\MavenRepository\org\springframework\spring-core\5.3.6\spring-core-5.3.6.jar;D:\maven\MavenRepository\org\springframework\spring-jcl\5.3.6\spring-jcl-5.3.6.jar;D:\maven\MavenRepository\org\springframework\spring-test\5.3.6\spring-test-5.3.6.jar;D:\maven\MavenRepository\org\xmlunit\xmlunit-core\2.7.0\xmlunit-core-2.7.0.jar;D:\maven\MavenRepository\io\springfox\springfox-swagger2\2.9.2\springfox-swagger2-2.9.2.jar;D:\maven\MavenRepository\io\swagger\swagger-annotations\1.5.20\swagger-annotations-1.5.20.jar;D:\maven\MavenRepository\io\swagger\swagger-models\1.5.20\swagger-models-1.5.20.jar;D:\maven\MavenRepository\com\fasterxml\jackson\core\jackson-annotations\2.11.4\jackson-annotations-2.11.4.jar;D:\maven\MavenRepository\io\springfox\springfox-spi\2.9.2\springfox-spi-2.9.2.jar;D:\maven\MavenRepository\io\springfox\springfox-core\2.9.2\springfox-core-2.9.2.jar;D:\maven\MavenRepository\io\springfox\springfox-schema\2.9.2\springfox-schema-2.9.2.jar;D:\maven\MavenRepository\io\springfox\springfox-swagger-common\2.9.2\springfox-swagger-common-2.9.2.jar;D:\maven\MavenRepository\io\springfox\springfox-spring-web\2.9.2\springfox-spring-web-2.9.2.jar;D:\maven\MavenRepository\com\google\guava\guava\20.0\guava-20.0.jar;D:\maven\MavenRepository\com\fasterxml\classmate\1.5.1\classmate-1.5.1.jar;D:\maven\MavenRepository\org\springframework\plugin\spring-plugin-core\1.2.0.RELEASE\spring-plugin-core-1.2.0.RELEASE.jar;D:\maven\MavenRepository\org\springframework\plugin\spring-plugin-metadata\1.2.0.RELEASE\spring-plugin-metadata-1.2.0.RELEASE.jar;D:\maven\MavenRepository\org\mapstruct\mapstruct\1.2.0.Final\mapstruct-1.2.0.Final.jar;D:\maven\MavenRepository\io\springfox\springfox-swagger-ui\2.9.2\springfox-swagger-ui-2.9.2.jar;D:\maven\MavenRepository\org\apache\httpcomponents\httpclient\4.5.13\httpclient-4.5.13.jar;D:\maven\MavenRepository\commons-codec\commons-codec\1.15\commons-codec-1.15.jar;D:\maven\MavenRepository\com\alibaba\fastjson\1.2.51\fastjson-1.2.51.jar;D:\maven\MavenRepository\tk\mybatis\mapper-spring-boot-starter\2.0.4\mapper-spring-boot-starter-2.0.4.jar;D:\maven\MavenRepository\org\mybatis\mybatis\3.4.6\mybatis-3.4.6.jar;D:\maven\MavenRepository\org\mybatis\mybatis-spring\1.3.2\mybatis-spring-1.3.2.jar;D:\maven\MavenRepository\tk\mybatis\mapper-core\1.0.5\mapper-core-1.0.5.jar;D:\maven\MavenRepository\javax\persistence\persistence-api\1.0\persistence-api-1.0.jar;D:\maven\MavenRepository\tk\mybatis\mapper-base\1.0.5\mapper-base-1.0.5.jar;D:\maven\MavenRepository\tk\mybatis\mapper-weekend\1.1.4.1\mapper-weekend-1.1.4.1.jar;D:\maven\MavenRepository\tk\mybatis\mapper-spring\1.0.5\mapper-spring-1.0.5.jar;D:\maven\MavenRepository\tk\mybatis\mapper-extra\1.0.5\mapper-extra-1.0.5.jar;D:\maven\MavenRepository\tk\mybatis\mapper-spring-boot-autoconfigure\2.0.4\mapper-spring-boot-autoconfigure-2.0.4.jar;D:\maven\MavenRepository\org\apache\httpcomponents\httpcore\4.4.14\httpcore-4.4.14.jar;D:\maven\MavenRepository\org\slf4j\slf4j-api\1.7.22\slf4j-api-1.7.22.jar;D:\maven\MavenRepository\jakarta\persistence\jakarta.persistence-api\2.2.3\jakarta.persistence-api-2.2.3.jar;"/>
    <property name="java.vm.vendor" value="Oracle Corporation"/>
    <property name="sun.arch.data.model" value="64"/>
    <property name="user.variant" value=""/>
    <property name="java.vendor.url" value="http://java.oracle.com/"/>
    <property name="user.timezone" value="Asia/Shanghai"/>
    <property name="java.vm.specification.version" value="1.8"/>
    <property name="os.name" value="Windows 10"/>
    <property name="user.country" value="CN"/>
    <property name="sun.java.launcher" value="SUN_STANDARD"/>
    <property name="sun.boot.library.path" value="C:\Program Files\Java\jdk1.8.0_231\jre\bin"/>
    <property name="sun.java.command" value="C:\Users\啊柒哟\AppData\Local\Temp\surefire4642322169765461600\surefirebooter7410550276115324144.jar C:\Users\啊柒哟\AppData\Local\Temp\surefire4642322169765461600 2021-05-11T20-50-43_770-jvmRun1 surefire5994894139499952105tmp surefire_06532986614764108022tmp"/>
    <property name="surefire.test.class.path" value="C:\Users\啊柒哟\IdeaProjects\recruit\target\test-classes;C:\Users\啊柒哟\IdeaProjects\recruit\target\classes;D:\maven\MavenRepository\org\springframework\boot\spring-boot-starter-amqp\2.4.5\spring-boot-starter-amqp-2.4.5.jar;D:\maven\MavenRepository\org\springframework\boot\spring-boot-starter\2.4.5\spring-boot-starter-2.4.5.jar;D:\maven\MavenRepository\org\springframework\boot\spring-boot-starter-logging\2.4.5\spring-boot-starter-logging-2.4.5.jar;D:\maven\MavenRepository\ch\qos\logback\logback-classic\1.2.3\logback-classic-1.2.3.jar;D:\maven\MavenRepository\ch\qos\logback\logback-core\1.2.3\logback-core-1.2.3.jar;D:\maven\MavenRepository\org\apache\logging\log4j\log4j-to-slf4j\2.13.3\log4j-to-slf4j-2.13.3.jar;D:\maven\MavenRepository\org\apache\logging\log4j\log4j-api\2.13.3\log4j-api-2.13.3.jar;D:\maven\MavenRepository\org\slf4j\jul-to-slf4j\1.7.30\jul-to-slf4j-1.7.30.jar;D:\maven\MavenRepository\jakarta\annotation\jakarta.annotation-api\1.3.5\jakarta.annotation-api-1.3.5.jar;D:\maven\MavenRepository\org\yaml\snakeyaml\1.27\snakeyaml-1.27.jar;D:\maven\MavenRepository\org\springframework\spring-messaging\5.3.6\spring-messaging-5.3.6.jar;D:\maven\MavenRepository\org\springframework\spring-beans\5.3.6\spring-beans-5.3.6.jar;D:\maven\MavenRepository\org\springframework\amqp\spring-rabbit\2.3.6\spring-rabbit-2.3.6.jar;D:\maven\MavenRepository\org\springframework\amqp\spring-amqp\2.3.6\spring-amqp-2.3.6.jar;D:\maven\MavenRepository\org\springframework\retry\spring-retry\1.3.1\spring-retry-1.3.1.jar;D:\maven\MavenRepository\com\rabbitmq\amqp-client\5.10.0\amqp-client-5.10.0.jar;D:\maven\MavenRepository\org\springframework\spring-context\5.3.6\spring-context-5.3.6.jar;D:\maven\MavenRepository\org\springframework\spring-tx\5.3.6\spring-tx-5.3.6.jar;D:\maven\MavenRepository\org\springframework\boot\spring-boot-starter-data-redis\2.4.5\spring-boot-starter-data-redis-2.4.5.jar;D:\maven\MavenRepository\org\springframework\data\spring-data-redis\2.4.8\spring-data-redis-2.4.8.jar;D:\maven\MavenRepository\org\springframework\data\spring-data-keyvalue\2.4.8\spring-data-keyvalue-2.4.8.jar;D:\maven\MavenRepository\org\springframework\data\spring-data-commons\2.4.8\spring-data-commons-2.4.8.jar;D:\maven\MavenRepository\org\springframework\spring-oxm\5.3.6\spring-oxm-5.3.6.jar;D:\maven\MavenRepository\org\springframework\spring-aop\5.3.6\spring-aop-5.3.6.jar;D:\maven\MavenRepository\io\lettuce\lettuce-core\6.0.4.RELEASE\lettuce-core-6.0.4.RELEASE.jar;D:\maven\MavenRepository\io\netty\netty-common\4.1.63.Final\netty-common-4.1.63.Final.jar;D:\maven\MavenRepository\io\netty\netty-handler\4.1.63.Final\netty-handler-4.1.63.Final.jar;D:\maven\MavenRepository\io\netty\netty-resolver\4.1.63.Final\netty-resolver-4.1.63.Final.jar;D:\maven\MavenRepository\io\netty\netty-buffer\4.1.63.Final\netty-buffer-4.1.63.Final.jar;D:\maven\MavenRepository\io\netty\netty-codec\4.1.63.Final\netty-codec-4.1.63.Final.jar;D:\maven\MavenRepository\io\netty\netty-transport\4.1.63.Final\netty-transport-4.1.63.Final.jar;D:\maven\MavenRepository\io\projectreactor\reactor-core\3.4.5\reactor-core-3.4.5.jar;D:\maven\MavenRepository\org\reactivestreams\reactive-streams\1.0.3\reactive-streams-1.0.3.jar;D:\maven\MavenRepository\org\springframework\boot\spring-boot-starter-jdbc\2.4.5\spring-boot-starter-jdbc-2.4.5.jar;D:\maven\MavenRepository\com\zaxxer\HikariCP\3.4.5\HikariCP-3.4.5.jar;D:\maven\MavenRepository\org\springframework\spring-jdbc\5.3.6\spring-jdbc-5.3.6.jar;D:\maven\MavenRepository\org\springframework\boot\spring-boot-starter-mail\2.4.5\spring-boot-starter-mail-2.4.5.jar;D:\maven\MavenRepository\org\springframework\spring-context-support\5.3.6\spring-context-support-5.3.6.jar;D:\maven\MavenRepository\com\sun\mail\jakarta.mail\1.6.7\jakarta.mail-1.6.7.jar;D:\maven\MavenRepository\com\sun\activation\jakarta.activation\1.2.2\jakarta.activation-1.2.2.jar;D:\maven\MavenRepository\org\springframework\boot\spring-boot-starter-web\2.4.5\spring-boot-starter-web-2.4.5.jar;D:\maven\MavenRepository\org\springframework\boot\spring-boot-starter-json\2.4.5\spring-boot-starter-json-2.4.5.jar;D:\maven\MavenRepository\com\fasterxml\jackson\core\jackson-databind\2.11.4\jackson-databind-2.11.4.jar;D:\maven\MavenRepository\com\fasterxml\jackson\core\jackson-core\2.11.4\jackson-core-2.11.4.jar;D:\maven\MavenRepository\com\fasterxml\jackson\datatype\jackson-datatype-jdk8\2.11.4\jackson-datatype-jdk8-2.11.4.jar;D:\maven\MavenRepository\com\fasterxml\jackson\datatype\jackson-datatype-jsr310\2.11.4\jackson-datatype-jsr310-2.11.4.jar;D:\maven\MavenRepository\com\fasterxml\jackson\module\jackson-module-parameter-names\2.11.4\jackson-module-parameter-names-2.11.4.jar;D:\maven\MavenRepository\org\springframework\boot\spring-boot-starter-tomcat\2.4.5\spring-boot-starter-tomcat-2.4.5.jar;D:\maven\MavenRepository\org\apache\tomcat\embed\tomcat-embed-core\9.0.45\tomcat-embed-core-9.0.45.jar;D:\maven\MavenRepository\org\glassfish\jakarta.el\3.0.3\jakarta.el-3.0.3.jar;D:\maven\MavenRepository\org\apache\tomcat\embed\tomcat-embed-websocket\9.0.45\tomcat-embed-websocket-9.0.45.jar;D:\maven\MavenRepository\org\springframework\spring-web\5.3.6\spring-web-5.3.6.jar;D:\maven\MavenRepository\org\springframework\spring-webmvc\5.3.6\spring-webmvc-5.3.6.jar;D:\maven\MavenRepository\org\springframework\spring-expression\5.3.6\spring-expression-5.3.6.jar;D:\maven\MavenRepository\org\springframework\boot\spring-boot-devtools\2.4.5\spring-boot-devtools-2.4.5.jar;D:\maven\MavenRepository\org\springframework\boot\spring-boot\2.4.5\spring-boot-2.4.5.jar;D:\maven\MavenRepository\org\springframework\boot\spring-boot-autoconfigure\2.4.5\spring-boot-autoconfigure-2.4.5.jar;D:\maven\MavenRepository\mysql\mysql-connector-java\8.0.23\mysql-connector-java-8.0.23.jar;D:\maven\MavenRepository\org\projectlombok\lombok\1.18.20\lombok-1.18.20.jar;D:\maven\MavenRepository\org\springframework\boot\spring-boot-starter-test\2.4.5\spring-boot-starter-test-2.4.5.jar;D:\maven\MavenRepository\org\springframework\boot\spring-boot-test\2.4.5\spring-boot-test-2.4.5.jar;D:\maven\MavenRepository\org\springframework\boot\spring-boot-test-autoconfigure\2.4.5\spring-boot-test-autoconfigure-2.4.5.jar;D:\maven\MavenRepository\com\jayway\jsonpath\json-path\2.4.0\json-path-2.4.0.jar;D:\maven\MavenRepository\net\minidev\json-smart\2.3\json-smart-2.3.jar;D:\maven\MavenRepository\net\minidev\accessors-smart\1.2\accessors-smart-1.2.jar;D:\maven\MavenRepository\org\ow2\asm\asm\5.0.4\asm-5.0.4.jar;D:\maven\MavenRepository\jakarta\xml\bind\jakarta.xml.bind-api\2.3.3\jakarta.xml.bind-api-2.3.3.jar;D:\maven\MavenRepository\jakarta\activation\jakarta.activation-api\1.2.2\jakarta.activation-api-1.2.2.jar;D:\maven\MavenRepository\org\assertj\assertj-core\3.18.1\assertj-core-3.18.1.jar;D:\maven\MavenRepository\org\hamcrest\hamcrest\2.2\hamcrest-2.2.jar;D:\maven\MavenRepository\org\junit\jupiter\junit-jupiter\5.7.1\junit-jupiter-5.7.1.jar;D:\maven\MavenRepository\org\junit\jupiter\junit-jupiter-api\5.7.1\junit-jupiter-api-5.7.1.jar;D:\maven\MavenRepository\org\apiguardian\apiguardian-api\1.1.0\apiguardian-api-1.1.0.jar;D:\maven\MavenRepository\org\opentest4j\opentest4j\1.2.0\opentest4j-1.2.0.jar;D:\maven\MavenRepository\org\junit\platform\junit-platform-commons\1.7.1\junit-platform-commons-1.7.1.jar;D:\maven\MavenRepository\org\junit\jupiter\junit-jupiter-params\5.7.1\junit-jupiter-params-5.7.1.jar;D:\maven\MavenRepository\org\junit\jupiter\junit-jupiter-engine\5.7.1\junit-jupiter-engine-5.7.1.jar;D:\maven\MavenRepository\org\junit\platform\junit-platform-engine\1.7.1\junit-platform-engine-1.7.1.jar;D:\maven\MavenRepository\org\mockito\mockito-core\3.6.28\mockito-core-3.6.28.jar;D:\maven\MavenRepository\net\bytebuddy\byte-buddy\1.10.22\byte-buddy-1.10.22.jar;D:\maven\MavenRepository\net\bytebuddy\byte-buddy-agent\1.10.22\byte-buddy-agent-1.10.22.jar;D:\maven\MavenRepository\org\objenesis\objenesis\3.1\objenesis-3.1.jar;D:\maven\MavenRepository\org\mockito\mockito-junit-jupiter\3.6.28\mockito-junit-jupiter-3.6.28.jar;D:\maven\MavenRepository\org\skyscreamer\jsonassert\1.5.0\jsonassert-1.5.0.jar;D:\maven\MavenRepository\com\vaadin\external\google\android-json\0.0.20131108.vaadin1\android-json-0.0.20131108.vaadin1.jar;D:\maven\MavenRepository\org\springframework\spring-core\5.3.6\spring-core-5.3.6.jar;D:\maven\MavenRepository\org\springframework\spring-jcl\5.3.6\spring-jcl-5.3.6.jar;D:\maven\MavenRepository\org\springframework\spring-test\5.3.6\spring-test-5.3.6.jar;D:\maven\MavenRepository\org\xmlunit\xmlunit-core\2.7.0\xmlunit-core-2.7.0.jar;D:\maven\MavenRepository\io\springfox\springfox-swagger2\2.9.2\springfox-swagger2-2.9.2.jar;D:\maven\MavenRepository\io\swagger\swagger-annotations\1.5.20\swagger-annotations-1.5.20.jar;D:\maven\MavenRepository\io\swagger\swagger-models\1.5.20\swagger-models-1.5.20.jar;D:\maven\MavenRepository\com\fasterxml\jackson\core\jackson-annotations\2.11.4\jackson-annotations-2.11.4.jar;D:\maven\MavenRepository\io\springfox\springfox-spi\2.9.2\springfox-spi-2.9.2.jar;D:\maven\MavenRepository\io\springfox\springfox-core\2.9.2\springfox-core-2.9.2.jar;D:\maven\MavenRepository\io\springfox\springfox-schema\2.9.2\springfox-schema-2.9.2.jar;D:\maven\MavenRepository\io\springfox\springfox-swagger-common\2.9.2\springfox-swagger-common-2.9.2.jar;D:\maven\MavenRepository\io\springfox\springfox-spring-web\2.9.2\springfox-spring-web-2.9.2.jar;D:\maven\MavenRepository\com\google\guava\guava\20.0\guava-20.0.jar;D:\maven\MavenRepository\com\fasterxml\classmate\1.5.1\classmate-1.5.1.jar;D:\maven\MavenRepository\org\springframework\plugin\spring-plugin-core\1.2.0.RELEASE\spring-plugin-core-1.2.0.RELEASE.jar;D:\maven\MavenRepository\org\springframework\plugin\spring-plugin-metadata\1.2.0.RELEASE\spring-plugin-metadata-1.2.0.RELEASE.jar;D:\maven\MavenRepository\org\mapstruct\mapstruct\1.2.0.Final\mapstruct-1.2.0.Final.jar;D:\maven\MavenRepository\io\springfox\springfox-swagger-ui\2.9.2\springfox-swagger-ui-2.9.2.jar;D:\maven\MavenRepository\org\apache\httpcomponents\httpclient\4.5.13\httpclient-4.5.13.jar;D:\maven\MavenRepository\commons-codec\commons-codec\1.15\commons-codec-1.15.jar;D:\maven\MavenRepository\com\alibaba\fastjson\1.2.51\fastjson-1.2.51.jar;D:\maven\MavenRepository\tk\mybatis\mapper-spring-boot-starter\2.0.4\mapper-spring-boot-starter-2.0.4.jar;D:\maven\MavenRepository\org\mybatis\mybatis\3.4.6\mybatis-3.4.6.jar;D:\maven\MavenRepository\org\mybatis\mybatis-spring\1.3.2\mybatis-spring-1.3.2.jar;D:\maven\MavenRepository\tk\mybatis\mapper-core\1.0.5\mapper-core-1.0.5.jar;D:\maven\MavenRepository\javax\persistence\persistence-api\1.0\persistence-api-1.0.jar;D:\maven\MavenRepository\tk\mybatis\mapper-base\1.0.5\mapper-base-1.0.5.jar;D:\maven\MavenRepository\tk\mybatis\mapper-weekend\1.1.4.1\mapper-weekend-1.1.4.1.jar;D:\maven\MavenRepository\tk\mybatis\mapper-spring\1.0.5\mapper-spring-1.0.5.jar;D:\maven\MavenRepository\tk\mybatis\mapper-extra\1.0.5\mapper-extra-1.0.5.jar;D:\maven\MavenRepository\tk\mybatis\mapper-spring-boot-autoconfigure\2.0.4\mapper-spring-boot-autoconfigure-2.0.4.jar;D:\maven\MavenRepository\org\apache\httpcomponents\httpcore\4.4.14\httpcore-4.4.14.jar;D:\maven\MavenRepository\org\slf4j\slf4j-api\1.7.22\slf4j-api-1.7.22.jar;D:\maven\MavenRepository\jakarta\persistence\jakarta.persistence-api\2.2.3\jakarta.persistence-api-2.2.3.jar;"/>
    <property name="sun.cpu.endian" value="little"/>
    <property name="user.home" value="C:\Users\啊柒哟"/>
    <property name="user.language" value="zh"/>
    <property name="java.specification.vendor" value="Oracle Corporation"/>
    <property name="java.home" value="C:\Program Files\Java\jdk1.8.0_231\jre"/>
    <property name="basedir" value="C:\Users\啊柒哟\IdeaProjects\recruit"/>
    <property name="file.separator" value="\"/>
    <property name="line.separator" value="&#10;"/>
    <property name="java.vm.specification.vendor" value="Oracle Corporation"/>
    <property name="java.specification.name" value="Java Platform API Specification"/>
    <property name="java.awt.graphicsenv" value="sun.awt.Win32GraphicsEnvironment"/>
    <property name="surefire.real.class.path" value="C:\Users\啊柒哟\AppData\Local\Temp\surefire4642322169765461600\surefirebooter7410550276115324144.jar"/>
    <property name="sun.boot.class.path" value="C:\Program Files\Java\jdk1.8.0_231\jre\lib\resources.jar;C:\Program Files\Java\jdk1.8.0_231\jre\lib\rt.jar;C:\Program Files\Java\jdk1.8.0_231\jre\lib\sunrsasign.jar;C:\Program Files\Java\jdk1.8.0_231\jre\lib\jsse.jar;C:\Program Files\Java\jdk1.8.0_231\jre\lib\jce.jar;C:\Program Files\Java\jdk1.8.0_231\jre\lib\charsets.jar;C:\Program Files\Java\jdk1.8.0_231\jre\lib\jfr.jar;C:\Program Files\Java\jdk1.8.0_231\jre\classes"/>
    <property name="user.script" value=""/>
    <property name="sun.management.compiler" value="HotSpot 64-Bit Tiered Compilers"/>
    <property name="java.runtime.version" value="1.8.0_231-b11"/>
    <property name="user.name" value="啊柒哟"/>
    <property name="path.separator" value=";"/>
    <property name="os.version" value="10.0"/>
    <property name="java.endorsed.dirs" value="C:\Program Files\Java\jdk1.8.0_231\jre\lib\endorsed"/>
    <property name="java.runtime.name" value="Java(TM) SE Runtime Environment"/>
    <property name="file.encoding" value="GBK"/>
    <property name="java.vm.name" value="Java HotSpot(TM) 64-Bit Server VM"/>
    <property name="localRepository" value="D:\maven\MavenRepository"/>
    <property name="java.vendor.url.bug" value="http://bugreport.sun.com/bugreport/"/>
    <property name="java.io.tmpdir" value="C:\Users\啊柒哟\AppData\Local\Temp\"/>
    <property name="idea.version" value="2021.1"/>
    <property name="java.version" value="1.8.0_231"/>
    <property name="user.dir" value="C:\Users\啊柒哟\IdeaProjects\recruit"/>
    <property name="os.arch" value="amd64"/>
    <property name="java.vm.specification.name" value="Java Virtual Machine Specification"/>
    <property name="java.awt.printerjob" value="sun.awt.windows.WPrinterJob"/>
    <property name="sun.os.patch.level" value=""/>
    <property name="java.library.path" value="C:\Program Files\Java\jdk1.8.0_231\jre\bin;C:\WINDOWS\Sun\Java\bin;C:\WINDOWS\system32;C:\WINDOWS;D:\linux\;C:\Program Files (x86)\Razer Chroma SDK\bin;C:\Program Files\Razer Chroma SDK\bin;C:\Program Files (x86)\Razer\ChromaBroadcast\bin;C:\Program Files\Razer\ChromaBroadcast\bin;D:\Xshell\xftp\;D:\Xshell\;C:\Program Files (x86)\Common Files\Oracle\Java\javapath;C:\Windows\system32;C:\Windows;C:\Windows\System32\Wbem;C:\Windows\System32\WindowsPowerShell\v1.0\;C:\Windows\System32\OpenSSH\;C:\Program Files (x86)\NVIDIA Corporation\PhysX\Common;C:\Program Files\NVIDIA Corporation\NVIDIA NGX;C:\Program Files\NVIDIA Corporation\NVIDIA NvDLISR;D:\Git\cmd;C:\Program Files\MySQL\MySQL Server 8.0\bin;C:\Program Files\MySQL\MySQL Server 5.7\bin;C:\Program Files\Java\jdk1.8.0_231\bin;C:\Program Files\Java\jdk1.8.0_231\jre;;C:\WINDOWS\system32;C:\WINDOWS;C:\WINDOWS\System32\Wbem;C:\WINDOWS\System32\WindowsPowerShell\v1.0\;C:\WINDOWS\System32\OpenSSH\;C:\WINDOWS\system32\config\systemprofile\AppData\Local\Microsoft\WindowsApps;C:\Users\啊柒哟\AppData\Local\Programs\Python\Python37-32\Scripts\;C:\Users\啊柒哟\AppData\Local\Programs\Python\Python37-32\;C:\Users\啊柒哟\AppData\Local\Microsoft\WindowsApps;C:\Program Files\Bandizip\;D:\maven\apache-maven-3.6.3\bin;;."/>
    <property name="java.vm.info" value="mixed mode"/>
    <property name="java.vendor" value="Oracle Corporation"/>
    <property name="java.vm.version" value="25.231-b11"/>
    <property name="java.ext.dirs" value="C:\Program Files\Java\jdk1.8.0_231\jre\lib\ext;C:\WINDOWS\Sun\Java\lib\ext"/>
    <property name="sun.io.unicode.encoding" value="UnicodeLittle"/>
    <property name="maven.repo.local" value="D:\maven\MavenRepository"/>
    <property name="java.class.version" value="52.0"/>
  </properties>
  <testcase name="contextLoads" classname="com.yidong.recruit.RecruitApplicationTests" time="0.381"/>
</testsuite>